\BOOKMARK [0][-]{table.caption.4}{Acknowledgements}{}% 1
\BOOKMARK [0][-]{chapter*.5}{Abstract}{}% 2
\BOOKMARK [0][-]{chapter.1}{1 Introducere}{}% 3
\BOOKMARK [1][-]{section.1.1}{1.1 Contextul Problemei}{chapter.1}% 4
\BOOKMARK [2][-]{subsection.1.1.1}{1.1.1 Procesarea Limbajului Natural}{section.1.1}% 5
\BOOKMARK [2][-]{subsection.1.1.2}{1.1.2 Usor pentru Oameni. Dificil pentru Calculatoare}{section.1.1}% 6
\BOOKMARK [2][-]{subsection.1.1.3}{1.1.3 Ce este o Entitate cu Nume?}{section.1.1}% 7
\BOOKMARK [2][-]{subsection.1.1.4}{1.1.4 Motivatia Recunoasterii Entitatilor cu Nume}{section.1.1}% 8
\BOOKMARK [1][-]{section.1.2}{1.2 Contributia \356n Domeniu}{chapter.1}% 9
\BOOKMARK [2][-]{subsection.1.2.1}{1.2.1 Construierea unui set semnificativ de texte - Corpus}{section.1.2}% 10
\BOOKMARK [2][-]{subsection.1.2.2}{1.2.2 Adnotarea unui subset din corpusul str\342ns}{section.1.2}% 11
\BOOKMARK [2][-]{subsection.1.2.3}{1.2.3 Antrenarea unui sistem NER pe textele adnotate}{section.1.2}% 12
\BOOKMARK [1][-]{section.1.3}{1.3 Project Description}{chapter.1}% 13
\BOOKMARK [2][-]{subsection.1.3.1}{1.3.1 Project Scope}{section.1.3}% 14
\BOOKMARK [2][-]{subsection.1.3.2}{1.3.2 Project Objectives}{section.1.3}% 15
\BOOKMARK [2][-]{subsection.1.3.3}{1.3.3 Related Work}{section.1.3}% 16
\BOOKMARK [2][-]{subsection.1.3.4}{1.3.4 Demo listings}{section.1.3}% 17
\BOOKMARK [2][-]{subsection.1.3.5}{1.3.5 Tables}{section.1.3}% 18
\BOOKMARK [0][-]{appendix.A}{A Project Build System Makefiles}{}% 19
\BOOKMARK [1][-]{section.A.1}{A.1 Makefile.test}{appendix.A}% 20
